
2012-10-07 10:46:18...Begin System Check Process *************
2012-10-07 10:46:18...XML Parsing Support Found
2012-10-07 10:46:18...MBString Support Found
2012-10-07 10:46:18...ZIP Support Found
2012-10-07 10:46:18.../custom directory and subdirectory check passed
2012-10-07 10:46:18...cache directory and subdirectory check passed
2012-10-07 10:46:18.../module  directory and subdirectory check passed
2012-10-07 10:46:18.../upload directory check passed
2012-10-07 10:46:18.../zip check passed
2012-10-07 10:46:18...PCRE version check passed
2012-10-07 10:46:18...installerHook: Could not find custom/install/install_hooks.php
2012-10-07 10:46:18...php.ini location found. /etc/php.ini
2012-10-07 10:46:18...Outputting HTML for System check
2012-10-07 10:46:18...No Errors were found *************
2012-10-07 10:46:21...installerHook: Could not find custom/install/install_hooks.php
2012-10-07 10:46:25...installerHook: Could not find custom/install/install_hooks.php
2012-10-07 10:46:29...Begin System Check Process *************
2012-10-07 10:46:29...XML Parsing Support Found
2012-10-07 10:46:29...MBString Support Found
2012-10-07 10:46:29...ZIP Support Found
2012-10-07 10:46:29.../custom directory and subdirectory check passed
2012-10-07 10:46:29...cache directory and subdirectory check passed
2012-10-07 10:46:29.../module  directory and subdirectory check passed
2012-10-07 10:46:29.../upload directory check passed
2012-10-07 10:46:29.../zip check passed
2012-10-07 10:46:29...PCRE version check passed
2012-10-07 10:46:29...installerHook: Could not find custom/install/install_hooks.php
2012-10-07 10:46:29...php.ini location found. /etc/php.ini
2012-10-07 10:46:29...Outputting HTML for System check
2012-10-07 10:46:29...No Errors were found *************
2012-10-07 10:46:31...installerHook: Could not find custom/install/install_hooks.php
2012-10-07 10:46:47...installerHook: Could not find custom/install/install_hooks.php
2012-10-07 12:18:14...installerHook: Could not find custom/install/install_hooks.php
2012-10-07 12:18:17...installerHook: Could not find custom/install/install_hooks.php
2012-10-07 12:18:21...installerHook: Could not find custom/install/install_hooks.php
2012-10-07 12:18:28...Begin System Check Process *************
2012-10-07 12:18:28...XML Parsing Support Found
2012-10-07 12:18:28...MBString Support Found
2012-10-07 12:18:28...ZIP Support Found
2012-10-07 12:18:28.../custom directory and subdirectory check passed
2012-10-07 12:18:28...cache directory and subdirectory check passed
2012-10-07 12:18:28.../module  directory and subdirectory check passed
2012-10-07 12:18:28.../upload directory check passed
2012-10-07 12:18:28.../zip check passed
2012-10-07 12:18:28...PCRE version check passed
2012-10-07 12:18:28...installerHook: Could not find custom/install/install_hooks.php
2012-10-07 12:18:28...php.ini location found. /etc/php.ini
2012-10-07 12:18:28...Outputting HTML for System check
2012-10-07 12:18:28...No Errors were found *************
2012-10-07 12:18:31...installerHook: Could not find custom/install/install_hooks.php
2012-10-07 12:18:35...installerHook: Could not find custom/install/install_hooks.php
2012-10-07 12:18:40...installerHook: Could not find custom/install/install_hooks.php
2012-10-07 12:19:09...Begin DB Check Process *************
2012-10-07 12:19:09...testing with mysql:mysqli
2012-10-07 12:19:09...Basic form info is valid, continuing Process.
2012-10-07 12:19:09...Testing user account...
2012-10-07 12:19:09...ERROR::  The provided database host, username, and/or password is invalid, and a connection to the database could not be established.  Please enter a valid host, username and password
2012-10-07 12:19:09...Testing priviliged account...
2012-10-07 12:19:09...Connection made using  host: 10.0.0.4, usr: root
2012-10-07 12:19:09...DB not selected, will create synchrony_crm
2012-10-07 12:19:09...ERROR:: Unable to check database version.
2012-10-07 12:19:09...FATAL:: errors have been detected!  User will not be allowed to continue.  Errors are as follow:
2012-10-07 12:19:09..... The provided database host, username, and/or password is invalid, and a connection to the database could not be established.  Please enter a valid host, username and password
2012-10-07 12:19:09..... Unable to check database version.
2012-10-07 12:19:09...End DB Check Process *************
2012-10-07 12:19:28...Begin DB Check Process *************
2012-10-07 12:19:28...testing with mysql:mysqli
2012-10-07 12:19:28...Basic form info is valid, continuing Process.
2012-10-07 12:19:28...Testing user account...
2012-10-07 12:19:28...ERROR::  The provided database host, username, and/or password is invalid, and a connection to the database could not be established.  Please enter a valid host, username and password
2012-10-07 12:19:28...Testing priviliged account...
2012-10-07 12:19:28...Connection made using  host: 127.0.0.1, usr: root
2012-10-07 12:19:28...DB not selected, will create synchrony_crm
2012-10-07 12:19:28...ERROR:: Unable to check database version.
2012-10-07 12:19:28...FATAL:: errors have been detected!  User will not be allowed to continue.  Errors are as follow:
2012-10-07 12:19:28..... The provided database host, username, and/or password is invalid, and a connection to the database could not be established.  Please enter a valid host, username and password
2012-10-07 12:19:28..... Unable to check database version.
2012-10-07 12:19:28...End DB Check Process *************
2012-10-07 12:19:38...Begin DB Check Process *************
2012-10-07 12:19:38...testing with mysql:mysqli
2012-10-07 12:19:38...Basic form info is valid, continuing Process.
2012-10-07 12:19:38...Testing user account...
2012-10-07 12:19:38...ERROR::  The provided database host, username, and/or password is invalid, and a connection to the database could not be established.  Please enter a valid host, username and password
2012-10-07 12:19:38...Testing priviliged account...
2012-10-07 12:19:38...Connection made using  host: 127.0.0.1, usr: root
2012-10-07 12:19:38...DB not selected, will create synchrony_crm
2012-10-07 12:19:38...ERROR:: Unable to check database version.
2012-10-07 12:19:38...FATAL:: errors have been detected!  User will not be allowed to continue.  Errors are as follow:
2012-10-07 12:19:38..... The provided database host, username, and/or password is invalid, and a connection to the database could not be established.  Please enter a valid host, username and password
2012-10-07 12:19:38..... Unable to check database version.
2012-10-07 12:19:38...End DB Check Process *************
2012-10-07 12:20:10...Begin DB Check Process *************
2012-10-07 12:20:10...testing with mysql:mysqli
2012-10-07 12:20:10...Basic form info is valid, continuing Process.
2012-10-07 12:20:10...Testing user account...
2012-10-07 12:20:10...Connection made using  host: localhost, usr: root
2012-10-07 12:20:10...Testing priviliged account...
2012-10-07 12:20:10...Connection made using  host: localhost, usr: root
2012-10-07 12:20:10...ERROR:: The provided Database Name already exists.  You can<br>1.  hit the back button and choose a new database name <br>2.  click next and continue but all existing tables on this database will be dropped.  <strong>This means your tables and data will be blown away.</strong>
2012-10-07 12:20:10...Passed DB install check
2012-10-07 12:20:10...WARNING:: no errors detected, but DB tables will be dropped!, issuing warning to user
2012-10-07 12:20:10...End DB Check Process *************
2012-10-07 12:20:18...installerHook: Could not find custom/install/install_hooks.php
2012-10-07 12:20:43...installerHook: Could not find custom/install/install_hooks.php
2012-10-07 12:21:02...installerHook: Could not find custom/install/install_hooks.php
2012-10-07 12:21:40...installerHook: Could not find custom/install/install_hooks.php
2012-10-07 12:21:43...installerHook: Could not find custom/install/install_hooks.php
2012-10-07 12:21:58...installerHook: Could not find custom/install/install_hooks.php
2012-10-07 12:21:58...calling handleSugarConfig()
2012-10-07 12:21:58...calling handleLog4Php()
2012-10-07 12:21:58...calling handleHtaccess()
2012-10-07 12:21:58...calling handleDbCharsetCollation()
2012-10-07 12:21:58...looping through all the Beans and create their tables
2012-10-07 12:21:58...processing table acl_actions
2012-10-07 12:21:58...dropping table acl_actions
2012-10-07 12:21:58...creating table acl_actions
2012-10-07 12:21:58...creating Relationship Meta for ACLAction
2012-10-07 12:21:58...processing table acl_roles
2012-10-07 12:21:58...dropping table acl_roles
2012-10-07 12:21:58...creating table acl_roles
2012-10-07 12:21:58...creating Relationship Meta for ACLRole
2012-10-07 12:21:58...processing table relationships
2012-10-07 12:21:58...dropping table relationships
2012-10-07 12:21:58...creating table relationships
2012-10-07 12:21:58...creating Relationship Meta for Relationship
2012-10-07 12:21:58...processing table leads
2012-10-07 12:21:58...dropping table leads
2012-10-07 12:21:58...creating table leads
2012-10-07 12:21:58...creating Relationship Meta for Lead
2012-10-07 12:21:58...processing table cases
2012-10-07 12:21:58...dropping table cases
2012-10-07 12:21:58...creating table cases
2012-10-07 12:21:58...creating Relationship Meta for Case
2012-10-07 12:21:58...processing table bugs
2012-10-07 12:21:58...dropping table bugs
2012-10-07 12:21:58...creating table bugs
2012-10-07 12:21:58...creating Relationship Meta for Bug
2012-10-07 12:21:58...processing table users
2012-10-07 12:21:58...dropping table users
2012-10-07 12:21:58...creating table users
2012-10-07 12:21:58...creating Relationship Meta for User
2012-10-07 12:21:58...processing table campaign_log
2012-10-07 12:21:58...dropping table campaign_log
2012-10-07 12:21:58...creating table campaign_log
2012-10-07 12:21:58...creating Relationship Meta for CampaignLog
2012-10-07 12:21:58...processing table project
2012-10-07 12:21:58...dropping table project
2012-10-07 12:21:58...creating table project
2012-10-07 12:21:58...creating Relationship Meta for Project
2012-10-07 12:21:58...processing table project_task
2012-10-07 12:21:58...dropping table project_task
2012-10-07 12:21:58...creating table project_task
2012-10-07 12:21:58...creating Relationship Meta for ProjectTask
2012-10-07 12:21:58...processing table campaigns
2012-10-07 12:21:58...dropping table campaigns
2012-10-07 12:21:58...creating table campaigns
2012-10-07 12:21:58...creating Relationship Meta for Campaign
2012-10-07 12:21:58...processing table prospect_lists
2012-10-07 12:21:58...dropping table prospect_lists
2012-10-07 12:21:58...creating table prospect_lists
2012-10-07 12:21:58...creating Relationship Meta for ProspectList
2012-10-07 12:21:58...processing table prospects
2012-10-07 12:21:58...dropping table prospects
2012-10-07 12:21:58...creating table prospects
2012-10-07 12:21:58...creating Relationship Meta for Prospect
2012-10-07 12:21:58...processing table email_marketing
2012-10-07 12:21:58...dropping table email_marketing
2012-10-07 12:21:58...creating table email_marketing
2012-10-07 12:21:58...creating Relationship Meta for EmailMarketing
2012-10-07 12:21:58...processing table campaign_trkrs
2012-10-07 12:21:58...dropping table campaign_trkrs
2012-10-07 12:21:58...creating table campaign_trkrs
2012-10-07 12:21:58...creating Relationship Meta for CampaignTracker
2012-10-07 12:21:58...processing table releases
2012-10-07 12:21:58...dropping table releases
2012-10-07 12:21:58...creating table releases
2012-10-07 12:21:58...creating Relationship Meta for Release
2012-10-07 12:21:58...processing table emailman
2012-10-07 12:21:58...dropping table emailman
2012-10-07 12:21:58...creating table emailman
2012-10-07 12:21:58...creating Relationship Meta for EmailMan
2012-10-07 12:21:58...processing table schedulers
2012-10-07 12:21:58...dropping table schedulers
2012-10-07 12:21:58...creating table schedulers
2012-10-07 12:21:58...creating Relationship Meta for Scheduler
2012-10-07 12:21:58...processing table job_queue
2012-10-07 12:21:58...dropping table job_queue
2012-10-07 12:21:58...creating table job_queue
2012-10-07 12:21:58...creating Relationship Meta for SchedulersJob
2012-10-07 12:21:58...processing table contacts
2012-10-07 12:21:58...dropping table contacts
2012-10-07 12:21:58...creating table contacts
2012-10-07 12:21:58...creating Relationship Meta for Contact
2012-10-07 12:21:58...processing table accounts
2012-10-07 12:21:58...dropping table accounts
2012-10-07 12:21:58...creating table accounts
2012-10-07 12:21:58...creating Relationship Meta for Account
2012-10-07 12:21:59...processing table opportunities
2012-10-07 12:21:59...dropping table opportunities
2012-10-07 12:21:59...creating table opportunities
2012-10-07 12:21:59...creating Relationship Meta for Opportunity
2012-10-07 12:21:59...processing table email_templates
2012-10-07 12:21:59...dropping table email_templates
2012-10-07 12:21:59...creating table email_templates
2012-10-07 12:21:59...creating Relationship Meta for EmailTemplate
2012-10-07 12:21:59...processing table notes
2012-10-07 12:21:59...dropping table notes
2012-10-07 12:21:59...creating table notes
2012-10-07 12:21:59...creating Relationship Meta for Note
2012-10-07 12:21:59...processing table calls
2012-10-07 12:21:59...dropping table calls
2012-10-07 12:21:59...creating table calls
2012-10-07 12:21:59...creating Relationship Meta for Call
2012-10-07 12:21:59...processing table emails
2012-10-07 12:21:59...dropping table emails
2012-10-07 12:21:59...creating table emails
2012-10-07 12:21:59...creating Relationship Meta for Email
2012-10-07 12:21:59...processing table meetings
2012-10-07 12:21:59...dropping table meetings
2012-10-07 12:21:59...creating table meetings
2012-10-07 12:21:59...creating Relationship Meta for Meeting
2012-10-07 12:21:59...processing table tasks
2012-10-07 12:21:59...dropping table tasks
2012-10-07 12:21:59...creating table tasks
2012-10-07 12:21:59...creating Relationship Meta for Task
2012-10-07 12:21:59...processing table users
2012-10-07 12:21:59...processing table users
2012-10-07 12:21:59...processing table currencies
2012-10-07 12:21:59...dropping table currencies
2012-10-07 12:21:59...creating table currencies
2012-10-07 12:21:59...creating Relationship Meta for Currency
2012-10-07 12:21:59...processing table tracker
2012-10-07 12:21:59...dropping table tracker
2012-10-07 12:21:59...creating table tracker
2012-10-07 12:21:59...creating Relationship Meta for Tracker
2012-10-07 12:21:59...processing table import_maps
2012-10-07 12:21:59...dropping table import_maps
2012-10-07 12:21:59...creating table import_maps
2012-10-07 12:21:59...creating Relationship Meta for ImportMap
2012-10-07 12:21:59...processing table users_last_import
2012-10-07 12:21:59...dropping table users_last_import
2012-10-07 12:21:59...creating table users_last_import
2012-10-07 12:21:59...creating Relationship Meta for UsersLastImport
2012-10-07 12:21:59...processing table config
2012-10-07 12:21:59...dropping table config
2012-10-07 12:21:59...creating table config
2012-10-07 12:21:59...creating Relationship Meta for Administration
2012-10-07 12:21:59...processing table upgrade_history
2012-10-07 12:21:59...dropping table upgrade_history
2012-10-07 12:21:59...creating table upgrade_history
2012-10-07 12:21:59...creating Relationship Meta for UpgradeHistory
2012-10-07 12:21:59...processing table vcals
2012-10-07 12:21:59...dropping table vcals
2012-10-07 12:21:59...creating table vcals
2012-10-07 12:21:59...creating Relationship Meta for vCal
2012-10-07 12:21:59...processing table versions
2012-10-07 12:21:59...dropping table versions
2012-10-07 12:21:59...creating table versions
2012-10-07 12:21:59...creating Relationship Meta for Version
2012-10-07 12:21:59...processing table roles
2012-10-07 12:21:59...dropping table roles
2012-10-07 12:21:59...creating table roles
2012-10-07 12:21:59...creating Relationship Meta for Role
2012-10-07 12:21:59...processing table documents
2012-10-07 12:21:59...dropping table documents
2012-10-07 12:21:59...creating table documents
2012-10-07 12:21:59...creating Relationship Meta for Document
2012-10-07 12:21:59...processing table document_revisions
2012-10-07 12:21:59...dropping table document_revisions
2012-10-07 12:21:59...creating table document_revisions
2012-10-07 12:21:59...creating Relationship Meta for DocumentRevision
2012-10-07 12:21:59...processing table fields_meta_data
2012-10-07 12:21:59...dropping table fields_meta_data
2012-10-07 12:21:59...creating table fields_meta_data
2012-10-07 12:21:59...creating Relationship Meta for FieldsMetaData
2012-10-07 12:21:59...processing table inbound_email
2012-10-07 12:21:59...dropping table inbound_email
2012-10-07 12:21:59...creating table inbound_email
2012-10-07 12:21:59...creating Relationship Meta for InboundEmail
2012-10-07 12:21:59...processing table saved_search
2012-10-07 12:21:59...dropping table saved_search
2012-10-07 12:21:59...creating table saved_search
2012-10-07 12:21:59...creating Relationship Meta for SavedSearch
2012-10-07 12:21:59...processing table user_preferences
2012-10-07 12:21:59...dropping table user_preferences
2012-10-07 12:21:59...creating table user_preferences
2012-10-07 12:21:59...creating Relationship Meta for UserPreference
2012-10-07 12:21:59...processing table 
2012-10-07 12:21:59...processing table email_addresses
2012-10-07 12:21:59...dropping table email_addresses
2012-10-07 12:21:59...creating table email_addresses
2012-10-07 12:21:59...creating Relationship Meta for EmailAddress
2012-10-07 12:21:59...processing table emails_text
2012-10-07 12:21:59...dropping table emails_text
2012-10-07 12:21:59...creating table emails_text
2012-10-07 12:21:59...creating Relationship Meta for EmailText
2012-10-07 12:21:59...processing table sugarfeed
2012-10-07 12:21:59...dropping table sugarfeed
2012-10-07 12:21:59...creating table sugarfeed
2012-10-07 12:21:59...creating Relationship Meta for SugarFeed
2012-10-07 12:21:59...processing table eapm
2012-10-07 12:21:59...dropping table eapm
2012-10-07 12:21:59...creating table eapm
2012-10-07 12:21:59...creating Relationship Meta for EAPM
2012-10-07 12:21:59...processing table oauth_consumer
2012-10-07 12:21:59...dropping table oauth_consumer
2012-10-07 12:21:59...creating table oauth_consumer
2012-10-07 12:21:59...creating Relationship Meta for OAuthKey
2012-10-07 12:21:59...processing table oauth_tokens
2012-10-07 12:21:59...dropping table oauth_tokens
2012-10-07 12:21:59...creating table oauth_tokens
2012-10-07 12:21:59...creating Relationship Meta for OAuthToken
2012-10-07 12:21:59...Begin creating Defaults
2012-10-07 12:21:59...insert defaults into config table
2012-10-07 12:21:59...Creating default users
2012-10-07 12:21:59...Creating default scheduler jobs
2012-10-07 12:21:59...Enable SugarFeeds
2012-10-07 12:21:59...Enable InsideView Connector
2012-10-07 12:21:59...Creating FTS logic hook
2012-10-07 12:21:59...populating the db with seed data
2012-10-07 12:22:00...Installation has completed *********
2012-10-07 12:22:12...installerHook: Could not find custom/install/install_hooks.php
2012-10-07 12:22:35...installerHook: Could not find custom/install/install_hooks.php
2015-02-23 19:30:53...installerHook: Could not find custom/install/install_hooks.php